[I 00:35:02.396 NotebookApp] Serving notebooks from local directory: /home/ubuntu/pong_rnn
[I 00:35:02.396 NotebookApp] 0 active kernels 
[I 00:35:02.396 NotebookApp] The IPython Notebook is running at: https://[all ip addresses on your system]:8888/
[I 00:35:02.396 NotebookApp] Use Control-C to stop this server and shut down all kernels (twice to skip confirmation).
[I 00:35:07.193 NotebookApp] Interrupted...
[I 00:35:07.193 NotebookApp] Shutting down kernels
[I 00:35:26.795 NotebookApp] Serving notebooks from local directory: /home/ubuntu/pong_rnn
[I 00:35:26.795 NotebookApp] 0 active kernels 
[I 00:35:26.795 NotebookApp] The IPython Notebook is running at: https://[all ip addresses on your system]:8888/
[I 00:35:26.795 NotebookApp] Use Control-C to stop this server and shut down all kernels (twice to skip confirmation).
[W 00:35:43.926 NotebookApp] Notebook PongRNN.ipynb is not trusted
[I 00:35:45.317 NotebookApp] Kernel started: b6abe160-ea5e-4b2d-9422-da62341affe8
[I 00:36:26.989 NotebookApp] Saving file at /PongRNN.ipynb
[W 00:36:26.990 NotebookApp] Saving untrusted notebook PongRNN.ipynb
[I 00:36:35.750 NotebookApp] Kernel shutdown: b6abe160-ea5e-4b2d-9422-da62341affe8
[W 00:36:52.271 NotebookApp] Notebook PongRNN.ipynb is not trusted
[I 00:36:54.819 NotebookApp] Kernel started: 49fa33cb-f1bb-485f-bb38-e8dd3577b9cc
[W 00:38:16.350 NotebookApp] SSL Error on 8 ('61.160.213.32', 4501): [SSL: WRONG_VERSION_NUMBER] wrong version number (_ssl.c:590)
[I 00:38:56.066 NotebookApp] Saving file at /PongRNN.ipynb
[W 00:38:56.067 NotebookApp] Saving untrusted notebook PongRNN.ipynb
[I 00:40:54.979 NotebookApp] Saving file at /PongRNN.ipynb
[W 00:40:54.980 NotebookApp] Saving untrusted notebook PongRNN.ipynb
[I 00:42:54.961 NotebookApp] Saving file at /PongRNN.ipynb
[W 00:42:54.962 NotebookApp] Saving untrusted notebook PongRNN.ipynb
[I 00:44:54.936 NotebookApp] Saving file at /PongRNN.ipynb
[W 00:44:54.937 NotebookApp] Saving untrusted notebook PongRNN.ipynb
[I 00:48:55.632 NotebookApp] Saving file at /PongRNN.ipynb
[W 00:48:55.633 NotebookApp] Saving untrusted notebook PongRNN.ipynb
[I 00:50:54.972 NotebookApp] Saving file at /PongRNN.ipynb
[W 00:50:54.973 NotebookApp] Saving untrusted notebook PongRNN.ipynb
[I 00:52:55.649 NotebookApp] Saving file at /PongRNN.ipynb
[W 00:52:55.651 NotebookApp] Saving untrusted notebook PongRNN.ipynb
[I 00:54:55.113 NotebookApp] Saving file at /PongRNN.ipynb
[W 00:54:55.114 NotebookApp] Saving untrusted notebook PongRNN.ipynb
[I 00:56:28.811 NotebookApp] Kernel interrupted: 49fa33cb-f1bb-485f-bb38-e8dd3577b9cc
[I 00:56:43.904 NotebookApp] Kernel interrupted: 49fa33cb-f1bb-485f-bb38-e8dd3577b9cc
[I 00:56:54.940 NotebookApp] Saving file at /PongRNN.ipynb
[W 00:56:54.941 NotebookApp] Saving untrusted notebook PongRNN.ipynb
[I 00:57:02.456 NotebookApp] Kernel interrupted: 49fa33cb-f1bb-485f-bb38-e8dd3577b9cc
[I 00:57:21.328 NotebookApp] Kernel interrupted: 49fa33cb-f1bb-485f-bb38-e8dd3577b9cc
[I 00:58:33.603 NotebookApp] Kernel interrupted: 49fa33cb-f1bb-485f-bb38-e8dd3577b9cc
[I 00:58:44.642 NotebookApp] Kernel interrupted: 49fa33cb-f1bb-485f-bb38-e8dd3577b9cc
[I 00:58:55.298 NotebookApp] Saving file at /PongRNN.ipynb
[W 00:58:55.300 NotebookApp] Saving untrusted notebook PongRNN.ipynb
[I 00:59:41.139 NotebookApp] Kernel interrupted: 49fa33cb-f1bb-485f-bb38-e8dd3577b9cc
[I 00:59:55.935 NotebookApp] Kernel interrupted: 49fa33cb-f1bb-485f-bb38-e8dd3577b9cc
[I 01:00:54.919 NotebookApp] Saving file at /PongRNN.ipynb
[W 01:00:54.920 NotebookApp] Saving untrusted notebook PongRNN.ipynb
[I 01:02:54.890 NotebookApp] Saving file at /PongRNN.ipynb
[W 01:02:54.892 NotebookApp] Saving untrusted notebook PongRNN.ipynb
[I 01:08:55.187 NotebookApp] Saving file at /PongRNN.ipynb
[W 01:08:55.189 NotebookApp] Saving untrusted notebook PongRNN.ipynb
[I 01:10:35.243 NotebookApp] Kernel interrupted: 49fa33cb-f1bb-485f-bb38-e8dd3577b9cc
[I 01:10:55.532 NotebookApp] Saving file at /PongRNN.ipynb
[W 01:10:55.534 NotebookApp] Saving untrusted notebook PongRNN.ipynb
[I 01:20:12.833 NotebookApp] Kernel interrupted: 49fa33cb-f1bb-485f-bb38-e8dd3577b9cc
[I 01:20:55.173 NotebookApp] Saving file at /PongRNN.ipynb
[W 01:20:55.174 NotebookApp] Saving untrusted notebook PongRNN.ipynb
[W 01:22:15.344 NotebookApp] SSL Error on 10 ('61.160.213.56', 2358): [SSL: WRONG_VERSION_NUMBER] wrong version number (_ssl.c:590)
[I 01:22:54.793 NotebookApp] Saving file at /PongRNN.ipynb
[W 01:22:54.796 NotebookApp] Saving untrusted notebook PongRNN.ipynb
[I 01:24:04.114 NotebookApp] Kernel interrupted: 49fa33cb-f1bb-485f-bb38-e8dd3577b9cc
[I 01:24:54.752 NotebookApp] Saving file at /PongRNN.ipynb
[W 01:24:54.753 NotebookApp] Saving untrusted notebook PongRNN.ipynb
[I 01:26:54.763 NotebookApp] Saving file at /PongRNN.ipynb
[W 01:26:54.765 NotebookApp] Saving untrusted notebook PongRNN.ipynb
[I 01:28:55.434 NotebookApp] Saving file at /PongRNN.ipynb
[W 01:28:55.435 NotebookApp] Saving untrusted notebook PongRNN.ipynb
